15:11:22.990 From karate-config file 
15:11:23.427 request:
1 > POST http://192.168.1.62:8082/consumers/my-consumer-group
1 > Accept-Encoding: gzip,deflate
1 > Connection: Keep-Alive
1 > Content-Length: 103
1 > Content-Type: application/vnd.kafka.json.v2+json; charset=UTF-8
1 > Host: 192.168.1.62:8082
1 > User-Agent: Apache-HttpClient/4.5.12 (Java/1.8.0_251)
{"name":"Manohar_consumer","format":"json","auto.offset.reset":"earliest","auto.commit.enable":"false"}

15:11:23.474 response time in milliseconds: 43.85
1 < 200
1 < Content-Type: application/vnd.kafka.v2+json
1 < Date: Fri, 05 Feb 2021 09:41:23 GMT
1 < Vary: Accept-Encoding, User-Agent
{"instance_id":"Manohar_consumer","base_uri":"http://192.168.1.62:8082/consumers/my-consumer-group/instances/Manohar_consumer"}

15:11:23.474 [print] {
  "instance_id": "Manohar_consumer",
  "base_uri": "http://192.168.1.62:8082/consumers/my-consumer-group/instances/Manohar_consumer"
}

15:11:23.506 [print] http://192.168.1.62:8082/consumers/my-consumer-group/instances/Manohar_consumer
15:11:23.506 after scenario inside config 
nces/Manohar_consumer
18:10:12.793 skipping bootstrap configuration: could not find or read file: classpath:karate-config.js
18:10:12.793 request:
1 > POST http://192.168.1.62:8082/consumers/my-consumer-group/instances/Manohar_consumer/subscription
1 > Accept-Encoding: gzip,deflate
1 > Connection: Keep-Alive
1 > Content-Length: 22
1 > Content-Type: application/vnd.kafka.v2+json; charset=UTF-8
1 > Host: 192.168.1.62:8082
1 > User-Agent: Apache-HttpClient/4.5.12 (Java/1.8.0_251)
{"topics":["manohar"]}

18:10:12.808 response time in milliseconds: 8.68
1 < 204
1 < Date: Thu, 04 Feb 2021 12:40:12 GMT

18:10:12.808 skipping bootstrap configuration: could not find or read file: classpath:karate-config.js
18:10:12.808 request:
1 > GET http://192.168.1.62:8082/consumers/my-consumer-group/instances/Manohar_consumer/subscription
1 > Accept: application/vnd.kafka.v2+json
1 > Accept-Encoding: gzip,deflate
1 > Connection: Keep-Alive
1 > Host: 192.168.1.62:8082
1 > User-Agent: Apache-HttpClient/4.5.12 (Java/1.8.0_251)

18:10:12.824 response time in milliseconds: 6.48
1 < 200
1 < Content-Length: 22
1 < Content-Type: application/vnd.kafka.v2+json
1 < Date: Thu, 04 Feb 2021 12:40:12 GMT
1 < Vary: Accept-Encoding, User-Agent
{"topics":["manohar"]}

18:10:12.824 [print] {
  "topics": [
    "manohar"
  ]
}

18:10:12.839 skipping bootstrap configuration: could not find or read file: classpath:karate-config.js
18:10:12.855 request:
1 > GET http://192.168.1.62:8082/consumers/my-consumer-group/instances/Manohar_consumer/records?timeout=3000&max_bytes=300000
1 > Accept: application/vnd.kafka.json.v2+json
1 > Accept-Encoding: gzip,deflate
1 > Connection: Keep-Alive
1 > Host: 192.168.1.62:8082
1 > User-Agent: Apache-HttpClient/4.5.12 (Java/1.8.0_251)

18:10:13.855 response time in milliseconds: 1010.53
1 < 200
1 < Content-Type: application/vnd.kafka.json.v2+json
1 < Date: Thu, 04 Feb 2021 12:40:12 GMT
1 < Vary: Accept-Encoding, User-Agent
[{"topic":"manohar","key":"key529","value":"key-value3","partition":0,"offset":0},{"topic":"manohar","key":null,"value":"val529","partition":0,"offset":1},{"topic":"manohar","key":null,"value":123.3,"partition":0,"offset":2}]

18:10:13.871 [print] [
  {
    "partition": 0,
    "offset": 0,
    "topic": "manohar",
    "value": "key-value3",
    "key": "key529"
  },
  {
    "partition": 0,
    "offset": 1,
    "topic": "manohar",
    "value": "val529",
    "key": null
  },
  {
    "partition": 0,
    "offset": 2,
    "topic": "manohar",
    "value": 123.3,
    "key": null
  }
]

18:10:13.871 skipping bootstrap configuration: could not find or read file: classpath:karate-config.js
18:10:13.871 request:
1 > GET http://192.168.1.62:8082/consumers/my-consumer-group/instances/Manohar_consumer/assignments
1 > Accept: application/vnd.kafka.v2+json
1 > Accept-Encoding: gzip,deflate
1 > Connection: Keep-Alive
1 > Host: 192.168.1.62:8082
1 > User-Agent: Apache-HttpClient/4.5.12 (Java/1.8.0_251)

18:10:13.886 response time in milliseconds: 5.64
1 < 200
1 < Content-Type: application/vnd.kafka.v2+json
1 < Date: Thu, 04 Feb 2021 12:40:13 GMT
1 < Vary: Accept-Encoding, User-Agent
{"partitions":[{"topic":"manohar","partition":0}]}

18:10:13.886 [print] {
  "partitions": [
    {
      "partition": 0,
      "topic": "manohar"
    }
  ]
}

18:10:13.886 skipping bootstrap configuration: could not find or read file: classpath:karate-config.js
18:10:13.886 request:
1 > DELETE http://192.168.1.62:8082/consumers/my-consumer-group/instances/Manohar_consumer/subscription
1 > Accept: application/vnd.kafka.v2+json
1 > Accept-Encoding: gzip,deflate
1 > Connection: Keep-Alive
1 > Host: 192.168.1.62:8082
1 > User-Agent: Apache-HttpClient/4.5.12 (Java/1.8.0_251)

18:10:13.902 response time in milliseconds: 7.38
1 < 204
1 < Date: Thu, 04 Feb 2021 12:40:13 GMT

18:10:13.902 skipping bootstrap configuration: could not find or read file: classpath:karate-config.js
18:10:13.902 request:
1 > DELETE http://192.168.1.62:8082/consumers/my-consumer-group/instances/Manohar_consumer
1 > Accept: application/vnd.kafka.v2+json
1 > Accept-Encoding: gzip,deflate
1 > Connection: Keep-Alive
1 > Host: 192.168.1.62:8082
1 > User-Agent: Apache-HttpClient/4.5.12 (Java/1.8.0_251)

18:10:13.918 response time in milliseconds: 6.17
1 < 204
1 < Date: Thu, 04 Feb 2021 12:40:13 GMT

18:10:13.918 skipping bootstrap configuration: could not find or read file: classpath:karate-config.js
18:10:13.918 request:
1 > DELETE http://192.168.1.62:8082/consumers/my-consumer-group/instances/Manohar_consumer
1 > Accept: application/vnd.kafka.v2+json
1 > Accept-Encoding: gzip,deflate
1 > Connection: Keep-Alive
1 > Host: 192.168.1.62:8082
1 > User-Agent: Apache-HttpClient/4.5.12 (Java/1.8.0_251)

18:10:13.918 response time in milliseconds: 3.91
1 < 404
1 < Content-Length: 61
1 < Content-Type: application/vnd.kafka.v2+json
1 < Date: Thu, 04 Feb 2021 12:40:13 GMT
{"error_code":40403,"message":"Consumer instance not found."}

="include.results_link">1</s:key>
        <s:key name="include.search">0</s:key>
        <s:key name="include.trigger">0</s:key>
        <s:key name="include.trigger_time">0</s:key>
        <s:key name="include.view_link">1</s:key>
        <s:key name="inline">0</s:key>
        <s:key name="label">Send email</s:key>
        <s:key name="mailserver">localhost</s:key>
        <s:key name="maxresults">10000</s:key>
        <s:key name="maxtime">5m</s:key>
        <s:key name="message.alert">The alert condition for '$name$' was triggered.</s:key>
        <s:key name="message.report">The scheduled report '$name$' has run.</s:key>
        <s:key name="pdf.footer_center">title</s:key>
        <s:key name="pdf.footer_enabled">1</s:key>
        <s:key name="pdf.footer_left">logo</s:key>
        <s:key name="pdf.footer_right">timestamp,pagination</s:key>
        <s:key name="pdf.header_center">description</s:key>
        <s:key name="pdf.header_enabled">1</s:key>
        <s:key name="pdf.html_image_rendering">1</s:key>
        <s:key name="pdfview"></s:key>
        <s:key name="preprocess_results"></s:key>
        <s:key name="priority">3</s:key>
        <s:key name="reportCIDFontList">gb cns jp kor</s:key>
        <s:key name="reportFileName">$name$-$time:%Y-%m-%d$</s:key>
        <s:key name="reportIncludeSplunkLogo">1</s:key>
        <s:key name="reportPaperOrientation">portrait</s:key>
        <s:key name="reportPaperSize">letter</s:key>
        <s:key name="sendcsv">0</s:key>
        <s:key name="sendpdf">0</s:key>
        <s:key name="sendresults">0</s:key>
        <s:key name="sslVersions">tls1.2</s:key>
        <s:key name="subject">Splunk Alert: $name$</s:key>
        <s:key name="subject.alert">Splunk Alert: $name$</s:key>
        <s:key name="subject.report">Splunk Report: $name$</s:key>
        <s:key name="to"></s:key>
        <s:key name="track_alert">1</s:key>
        <s:key name="ttl">86400</s:key>
        <s:key name="useNSSubject">0</s:key>
        <s:key name="use_ssl">0</s:key>
        <s:key name="use_tls">0</s:key>
        <s:key name="width_sort_columns">1</s:key>
      </s:dict>
    </content>
  </entry>
  <entry>
    <title>logevent</title>
    <id>https://192.168.1.62:8089/servicesNS/nobody/alert_logevent/alerts/alert_actions/logevent</id>
    <updated>1970-01-01T05:30:00+05:30</updated>
    <link href="/servicesNS/nobody/alert_logevent/alerts/alert_actions/logevent" rel="alternate"/>
    <author>
      <name>nobody</name>
    </author>
    <link href="/servicesNS/nobody/alert_logevent/alerts/alert_actions/logevent" rel="list"/>
    <link href="/servicesNS/nobody/alert_logevent/alerts/alert_actions/logevent/_reload" rel="_reload"/>
    <link href="/servicesNS/nobody/alert_logevent/alerts/alert_actions/logevent" rel="edit"/>
    <link href="/servicesNS/nobody/alert_logevent/alerts/alert_actions/logevent/disable" rel="disable"/>
    <content type="text/xml">
      <s:dict>
        <s:key name="command">sendalert $action_name$ results_file="$results.file$" results_link="$results.url$"</s:key>
        <s:key name="description">Send log event to Splunk receiver endpoint</s:key>
        <s:key name="disabled">0</s:key>
        <s:key name="eai:acl">
          <s:dict>
            <s:key name="app">alert_logevent</s:key>
            <s:key name="can_change_perms">1</s:key>
            <s:key name="can_list">1</s:key>
            <s:key name="can_share_app">1</s:key>
            <s:key name="can_share_global">1</s:key>
            <s:key name="can_share_user">0</s:key>
            <s:key name="can_write">1</s:key>
            <s:key name="modifiable">1</s:key>
            <s:key name="owner">nobody</s:key>
            <s:key name="perms">
              <s:dict>
                <s:key name="read">
                  <s:list>
                    <s:item>*</s:item>
                  </s:list>
                </s:key>
                <s:key name="write">
                  <s:list>
                    <s:item>*</s:item>
                  </s:list>
                </s:key>
              </s:dict>
            </s:key>
            <s:key name="removable">0</s:key>
            <s:key name="sharing">global</s:key>
          </s:dict>
        </s:key>
        <s:key name="eai:appName">search</s:key>
        <s:key name="eai:userName">nobody</s:key>
        <s:key name="forceCsvResults">auto</s:key>
        <s:key name="hostname"></s:key>
        <s:key name="icon_path">logevent.png</s:key>
        <s:key name="is_custom">1</s:key>
        <s:key name="label">Log Event</s:key>
        <s:key name="maxresults">10000</s:key>
        <s:key name="maxtime">5m</s:key>
        <s:key name="param.host"></s:key>
        <s:key name="param.index">main</s:key>
        <s:key name="param.source">alert:$name$</s:key>
        <s:key name="param.sourcetype">generic_single_line</s:key>
        <s:key name="payload_format">json</s:key>
        <s:key name="python.version">python3</s:key>
        <s:key name="track_alert">0</s:key>
        <s:key name="ttl">10p</s:key>
      </s:dict>
    </content>
  </entry>
  <entry>
    <title>lookup</title>
    <id>https://192.168.1.62:8089/servicesNS/nobody/system/alerts/alert_actions/lookup</id>
    <updated>1970-01-01T05:30:00+05:30</updated>
    <link href="/servicesNS/nobody/system/alerts/alert_actions/lookup" rel="alternate"/>
    <author>
      <name>nobody</name>
    </author>
    <link href="/servicesNS/nobody/system/alerts/alert_actions/lookup" rel="list"/>
    <link href="/servicesNS/nobody/system/alerts/alert_actions/lookup/_reload" rel="_reload"/>
    <link href="/servicesNS/nobody/system/alerts/alert_actions/lookup" rel="edit"/>
    <link href="/servicesNS/nobody/system/alerts/alert_actions/lookup/disable" rel="disable"/>
    <content type="text/xml">
      <s:dict>
        <s:key name="append">0</s:key>
        <s:key name="command">outputlookup "$action.lookup.filename$" append=$action.lookup.append$</s:key>
        <s:key name="description">Output the results of the search to a CSV lookup file</s:key>
        <s:key name="disabled">0</s:key>
        <s:key name="eai:acl">
          <s:dict>
            <s:key name="app">system</s:key>
            <s:key name="can_change_perms">1</s:key>
            <s:key name="can_list">1</s:key>
            <s:key name="can_share_app">1</s:key>
            <s:key name="can_share_global">1</s:key>
            <s:key name="can_share_user">0</s:key>
            <s:key name="can_write">1</s:key>
            <s:key name="modifiable">1</s:key>
            <s:key name="owner">nobody</s:key>
            <s:key name="perms">
              <s:dict>
                <s:key name="read">
                  <s:list>
                    <s:item>*</s:item>
                  </s:list>
                </s:key>
                <s:key name="write">
                  <s:list>
                    <s:item>admin</s:item>
                  </s:list>
                </s:key>
              </s:dict>
            </s:key>
            <s:key name="removable">0</s:key>
            <s:key name="sharing">system</s:key>
          </s:dict>
        </s:key>
        <s:key name="eai:appName">search</s:key>
        <s:key name="eai:userName">nobody</s:key>
        <s:key name="filename"></s:key>
        <s:key name="forceCsvResults">auto</s:key>
        <s:key name="hostname"></s:key>
        <s:key name="icon_path">mod_alert_icon_lookup.png</s:key>
        <s:key name="label">Output results to lookup</s:key>
        <s:key name="maxresults">10000</s:key>
        <s:key name="maxtime">5m</s:key>
        <s:key name="track_alert">0</s:key>
        <s:key name="ttl">10p</s:key>
      </s:dict>
    </content>
  </entry>
  <entry>
    <title>outputtelemetry</title>
    <id>https://192.168.1.62:8089/servicesNS/nobody/splunk_instrumentation/alerts/alert_actions/outputtelemetry</id>
    <updated>1970-01-01T05:30:00+05:30</updated>
    <link href="/servicesNS/nobody/splunk_instrumentation/alerts/alert_actions/outputtelemetry" rel="alternate"/>
    <author>
      <name>nobody</name>
    </author>
    <link href="/servicesNS/nobody/splunk_instrumentation/alerts/alert_actions/outputtelemetry" rel="list"/>
    <link href="/servicesNS/nobody/splunk_instrumentation/alerts/alert_actions/outputtelemetry/_reload" rel="_reload"/>
    <link href="/servicesNS/nobody/splunk_instrumentation/alerts/alert_actions/outputtelemetry" rel="edit"/>
    <link href="/servicesNS/nobody/splunk_instrumentation/alerts/alert_actions/outputtelemetry/disable" rel="disable"/>
    <content type="text/xml">
      <s:dict>
        <s:key name="command"><![CDATA[outputtelemetry input=$action.outputtelemetry.param.input$ anonymous=$action.outputtelemetry.param.anonymous$ license=$action.outputtelemetry.param.license$ support=$action.outputtelemetry.param.support$ component=$action.outputtelemetry.param.component$ type=$action.outputtelemetry.param.type$ optinrequired=$action.outputtelemetry.param.optinrequired$]]></s:key>
        <s:key name="description">Custom action to output results to telemetry endpoint</s:key>
        <s:key name="disabled">0</s:key>
        <s:key name="eai:acl">
          <s:dict>
            <s:key name="app">splunk_instrumentation</s:key>
            <s:key name="can_change_perms">1</s:key>
            <s:key name="can_list">1</s:key>
            <s:key name="can_share_app">1</s:key>
            <s:key name="can_share_global">1</s:key>
            <s:key name="can_share_user">0</s:key>
            <s:key name="can_write">1</s:key>
            <s:key name="modifiable">1</s:key>
            <s:key name="owner">nobody</s:key>
            <s:key name="perms">
              <s:dict>
                <s:key name="read">
                  <s:list>
                    <s:item>*</s:item>
                  </s:list>
                </s:key>
                <s:key name="write">
                  <s:list>
                    <s:item>admin</s:item>
                  </s:list>
                </s:key>
              </s:dict>
            </s:key>
            <s:key name="removable">0</s:key>
            <s:key name="sharing">global</s:key>
          </s:dict>
        </s:key>
        <s:key name="eai:appName">search</s:key>
        <s:key name="eai:userName">nobody</s:key>
        <s:key name="forceCsvResults">auto</s:key>
        <s:key name="hostname"></s:key>
        <s:key name="icon_path">outputtelemetry.png</s:key>
        <s:key name="is_custom">1</s:key>
        <s:key name="label">Output results to telemetry endpoint</s:key>
        <s:key name="maxresults">10000</s:key>
        <s:key name="maxtime">5m</s:key>
        <s:key name="param.anonymous">1</s:key>
        <s:key name="param.component"></s:key>
        <s:key name="param.input"></s:key>
        <s:key name="param.license">0</s:key>
        <s:key name="param.optinrequired">1</s:key>
        <s:key name="param.support">1</s:key>
        <s:key name="param.type">event</s:key>
        <s:key name="python.version">python3</s:key>
        <s:key name="track_alert">0</s:key>
        <s:key name="ttl">120</s:key>
      </s:dict>
    </content>
  </entry>
  <entry>
    <title>populate_lookup</title>
    <id>https://192.168.1.62:8089/servicesNS/nobody/system/alerts/alert_actions/populate_lookup</id>
    <updated>1970-01-01T05:30:00+05:30</updated>
    <link href="/servicesNS/nobody/system/alerts/alert_actions/populate_lookup" rel="alternate"/>
    <author>
      <name>nobody</name>
    </author>
    <link href="/servicesNS/nobody/system/alerts/alert_actions/populate_lookup" rel="list"/>
    <link href="/servicesNS/nobody/system/alerts/alert_actions/populate_lookup/_reload" rel="_reload"/>
    <link href="/servicesNS/nobody/system/alerts/alert_actions/populate_lookup" rel="edit"/>
    <link href="/servicesNS/nobody/system/alerts/alert_actions/populate_lookup/disable" rel="disable"/>
    <content type="text/xml">
      <s:dict>
        <s:key name="command">copyresults dest="$action.populate_lookup.dest$"  sid="$search_id$"</s:key>
        <s:key name="dest"></s:key>
        <s:key name="disabled">0</s:key>
        <s:key name="eai:acl">
          <s:dict>
            <s:key name="app">system</s:key>
            <s:key name="can_change_perms">1</s:key>
            <s:key name="can_list">1</s:key>
            <s:key name="can_share_app">1</s:key>
            <s:key name="can_share_global">1</s:key>
            <s:key name="can_share_user">0</s:key>
            <s:key name="can_write">1</s:key>
            <s:key name="modifiable">1</s:key>
            <s:key name="owner">nobody</s:key>
            <s:key name="perms">
              <s:dict>
                <s:key name="read">
                  <s:list>
                    <s:item>*</s:item>
                  </s:list>
                </s:key>
                <s:key name="write">
                  <s:list>
                    <s:item>admin</s:item>
                  </s:list>
                </s:key>
              </s:dict>
            </s:key>
            <s:key name="removable">0</s:key>
            <s:key name="sharing">system</s:key>
          </s:dict>
        </s:key>
        <s:key name="eai:appName">search</s:key>
        <s:key name="eai:userName">nobody</s:key>
        <s:key name="forceCsvResults">auto</s:key>
        <s:key name="hostname"></s:key>
        <s:key name="maxresults">10000</s:key>
        <s:key name="maxtime">5m</s:key>
        <s:key name="track_alert">0</s:key>
        <s:key name="ttl">120</s:key>
      </s:dict>
    </content>
  </entry>
  <entry>
    <title>rss</title>
    <id>https://192.168.1.62:8089/servicesNS/nobody/system/alerts/alert_actions/rss</id>
    <updated>1970-01-01T05:30:00+05:30</updated>
    <link href="/servicesNS/nobody/system/alerts/alert_actions/rss" rel="alternate"/>
    <author>
      <name>nobody</name>
    </author>
    <link href="/servicesNS/nobody/system/alerts/alert_actions/rss" rel="list"/>
    <link href="/servicesNS/nobody/system/alerts/alert_actions/rss/_reload" rel="_reload"/>
    <link href="/servicesNS/nobody/system/alerts/alert_actions/rss" rel="edit"/>
    <link href="/servicesNS/nobody/system/alerts/alert_actions/rss/disable" rel="disable"/>
    <content type="text/xml">
      <s:dict>
        <s:key name="command">createrss "path=$name$.xml" "name=$name$" "link=$results.url$" "descr=Alert trigger: $name$, results.count=$results.count$ " "count=30" "graceful=$graceful{default=1}$" maxtime="$action.rss.maxtime{default=1m}$"</s:key>
        <s:key name="disabled">0</s:key>
        <s:key name="eai:acl">
          <s:dict>
            <s:key name="app">system</s:key>
            <s:key name="can_change_perms">1</s:key>
            <s:key name="can_list">1</s:key>
            <s:key name="can_share_app">1</s:key>
            <s:key name="can_share_global">1</s:key>
            <s:key name="can_share_user">0</s:key>
            <s:key name="can_write">1</s:key>
            <s:key name="modifiable">1</s:key>
            <s:key name="owner">nobody</s:key>
            <s:key name="perms">
              <s:dict>
                <s:key name="read">
                  <s:list>
                    <s:item>*</s:item>
                  </s:list>
                </s:key>
                <s:key name="write">
                  <s:list>
                    <s:item>admin</s:item>
                  </s:list>
                </s:key>
              </s:dict>
            </s:key>
            <s:key name="removable">0</s:key>
            <s:key name="sharing">system</s:key>
          </s:dict>
        </s:key>
        <s:key name="eai:appName">search</s:key>
        <s:key name="eai:userName">nobody</s:key>
        <s:key name="forceCsvResults">auto</s:key>
        <s:key name="hostname"></s:key>
        <s:key name="maxresults">10000</s:key>
        <s:key name="maxtime">1m</s:key>
        <s:key name="track_alert">0</s:key>
        <s:key name="ttl">86400</s:key>
      </s:dict>
    </content>
  </entry>
  <entry>
    <title>script</title>
    <id>https://192.168.1.62:8089/servicesNS/nobody/system/alerts/alert_actions/script</id>
    <updated>1970-01-01T05:30:00+05:30</updated>
    <link href="/servicesNS/nobody/system/alerts/alert_actions/script" rel="alternate"/>
    <author>
      <name>nobody</name>
    </author>
    <link href="/servicesNS/nobody/system/alerts/alert_actions/script" rel="list"/>
    <link href="/servicesNS/nobody/system/alerts/alert_actions/script/_reload" rel="_reload"/>
    <link href="/servicesNS/nobody/system/alerts/alert_actions/script" rel="edit"/>
    <link href="/servicesNS/nobody/system/alerts/alert_actions/script/disable" rel="disable"/>
    <content type="text/xml">
      <s:dict>
        <s:key name="command">runshellscript "$action.script.filename$" "$results.count$" "$search$" "$search$" "$name$" "Saved Search [$name$] $counttype$($results.count$)" "$results.url$" "$deprecated_arg$" "$search_id$" "$results.file$" maxtime="$action.script.maxtime{default=5m}$"</s:key>
        <s:key name="description">Invoke a custom script</s:key>
        <s:key name="disabled">0</s:key>
        <s:key name="eai:acl">
          <s:dict>
            <s:key name="app">system</s:key>
            <s:key name="can_change_perms">1</s:key>
            <s:key name="can_list">1</s:key>
            <s:key name="can_share_app">1</s:key>
            <s:key name="can_share_global">1</s:key>
            <s:key name="can_share_user">0</s:key>
            <s:key name="can_write">1</s:key>
            <s:key name="modifiable">1</s:key>
            <s:key name="owner">nobody</s:key>
            <s:key name="perms">
              <s:dict>
                <s:key name="read">
                  <s:list>
                    <s:item>*</s:item>
                  </s:list>
                </s:key>
                <s:key name="write">
                  <s:list>
                    <s:item>admin</s:item>
                  </s:list>
                </s:key>
              </s:dict>
            </s:key>
            <s:key name="removable">0</s:key>
            <s:key name="sharing">system</s:key>
          </s:dict>
        </s:key>
        <s:key name="eai:appName">search</s:key>
        <s:key name="eai:userName">nobody</s:key>
        <s:key name="filename"></s:key>
        <s:key name="forceCsvResults">auto</s:key>
        <s:key name="hostname"></s:key>
        <s:key name="icon_path">mod_alert_icon_script.png</s:key>
        <s:key name="label">Run a script</s:key>
        <s:key name="maxresults">10000</s:key>
        <s:key name="maxtime">5m</s:key>
        <s:key name="track_alert">1</s:key>
        <s:key name="ttl">600</s:key>
      </s:dict>
    </content>
  </entry>
  <entry>
    <title>summary_index</title>
    <id>https://192.168.1.62:8089/servicesNS/nobody/system/alerts/alert_actions/summary_index</id>
    <updated>1970-01-01T05:30:00+05:30</updated>
    <link href="/servicesNS/nobody/system/alerts/alert_actions/summary_index" rel="alternate"/>
    <author>
      <name>nobody</name>
    </author>
    <link href="/servicesNS/nobody/system/alerts/alert_actions/summary_index" rel="list"/>
    <link href="/servicesNS/nobody/system/alerts/alert_actions/summary_index/_reload" rel="_reload"/>
    <link href="/servicesNS/nobody/system/alerts/alert_actions/summary_index" rel="edit"/>
    <link href="/servicesNS/nobody/system/alerts/alert_actions/summary_index/disable" rel="disable"/>
    <content type="text/xml">
      <s:dict>
        <s:key name="_name">summary</s:key>
        <s:key name="command"><![CDATA[summaryindex spool=t uselb=t addtime=t index="$action.summary_index._name{required=yes}$" file="$name_hash$_$#random$.stash_new" name="$name$" marker="$action.summary_index*{format=$KEY=\\\"$VAL\\\", key_regex="action.summary_index.(?!(?:command|forceCsvResults|force_realtime_schedule|inline|maxresults|maxtime|python\\.version|ttl|track_alert|(?:_.*))$)(.*)"}$"]]></s:key>
        <s:key name="disabled">0</s:key>
        <s:key name="eai:acl">
          <s:dict>
            <s:key name="app">system</s:key>
            <s:key name="can_change_perms">1</s:key>
            <s:key name="can_list">1</s:key>
            <s:key name="can_share_app">1</s:key>
            <s:key name="can_share_global">1</s:key>
            <s:key name="can_share_user">0</s:key>
            <s:key name="can_write">1</s:key>
            <s:key name="modifiable">1</s:key>
            <s:key name="owner">nobody</s:key>
            <s:key name="perms">
              <s:dict>
                <s:key name="read">
                  <s:list>
                    <s:item>*</s:item>
                  </s:list>
                </s:key>
                <s:key name="write">
                  <s:list>
                    <s:item>admin</s:item>
                  </s:list>
                </s:key>
              </s:dict>
            </s:key>
            <s:key name="removable">0</s:key>
            <s:key name="sharing">system</s:key>
          </s:dict>
        </s:key>
        <s:key name="eai:appName">search</s:key>
        <s:key name="eai:userName">nobody</s:key>
        <s:key name="forceCsvResults">auto</s:key>
        <s:key name="hostname"></s:key>
        <s:key name="inline">1</s:key>
        <s:key name="maxresults">10000</s:key>
        <s:key name="maxtime">5m</s:key>
        <s:key name="track_alert">0</s:key>
        <s:key name="ttl">120</s:key>
      </s:dict>
    </content>
  </entry>
  <entry>
    <title>summary_metric_index</title>
    <id>https://192.168.1.62:8089/servicesNS/nobody/system/alerts/alert_actions/summary_metric_index</id>
    <updated>1970-01-01T05:30:00+05:30</updated>
    <link href="/servicesNS/nobody/system/alerts/alert_actions/summary_metric_index" rel="alternate"/>
    <author>
      <name>nobody</name>
    </author>
    <link href="/servicesNS/nobody/system/alerts/alert_actions/summary_metric_index" rel="list"/>
    <link href="/servicesNS/nobody/system/alerts/alert_actions/summary_metric_index/_reload" rel="_reload"/>
    <link href="/servicesNS/nobody/system/alerts/alert_actions/summary_metric_index" rel="edit"/>
    <link href="/servicesNS/nobody/system/alerts/alert_actions/summary_metric_index/disable" rel="disable"/>
    <content type="text/xml">
      <s:dict>
        <s:key name="_name">summary</s:key>
        <s:key name="command"><![CDATA[mcollect spool=t index="$action.summary_index._name{required=yes}$" file="$name_hash$_$#random$.stash_new" name="$name$" marker="$action.summary_index*{format=$KEY=\\\"$VAL\\\", key_regex="action.summary_index.(?!(?:command|forceCsvResults|force_realtime_schedule|inline|maxresults|maxtime|python\\.version|ttl|track_alert|(?:_.*))$)(.*)"}$" split=allnums $action.summary_index._metric_dims$]]></s:key>
        <s:key name="disabled">0</s:key>
        <s:key name="eai:acl">
          <s:dict>
            <s:key name="app">system</s:key>
            <s:key name="can_change_perms">1</s:key>
            <s:key name="can_list">1</s:key>
            <s:key name="can_share_app">1</s:key>
            <s:key name="can_share_global">1</s:key>
            <s:key name="can_share_user">0</s:key>
            <s:key name="can_write">1</s:key>
            <s:key name="modifiable">1</s:key>
            <s:key name="owner">nobody</s:key>
            <s:key name="perms">
              <s:dict>
                <s:key name="read">
                  <s:list>
                    <s:item>*</s:item>
                  </s:list>
                </s:key>
                <s:key name="write">
                  <s:list>
                    <s:item>admin</s:item>
                  </s:list>
                </s:key>
              </s:dict>
            </s:key>
            <s:key name="removable">0</s:key>
            <s:key name="sharing">system</s:key>
          </s:dict>
        </s:key>
        <s:key name="eai:appName">search</s:key>
        <s:key name="eai:userName">nobody</s:key>
        <s:key name="forceCsvResults">auto</s:key>
        <s:key name="hostname"></s:key>
        <s:key name="inline">1</s:key>
        <s:key name="maxresults">10000</s:key>
        <s:key name="maxtime">5m</s:key>
        <s:key name="track_alert">0</s:key>
        <s:key name="ttl">120</s:key>
      </s:dict>
    </content>
  </entry>
  <entry>
    <title>webhook</title>
    <id>https://192.168.1.62:8089/servicesNS/nobody/alert_webhook/alerts/alert_actions/webhook</id>
    <updated>1970-01-01T05:30:00+05:30</updated>
    <link href="/servicesNS/nobody/alert_webhook/alerts/alert_actions/webhook" rel="alternate"/>
    <author>
      <name>nobody</name>
    </author>
    <link href="/servicesNS/nobody/alert_webhook/alerts/alert_actions/webhook" rel="list"/>
    <link href="/servicesNS/nobody/alert_webhook/alerts/alert_actions/webhook/_reload" rel="_reload"/>
    <link href="/servicesNS/nobody/alert_webhook/alerts/alert_actions/webhook" rel="edit"/>
    <link href="/servicesNS/nobody/alert_webhook/alerts/alert_actions/webhook/disable" rel="disable"/>
    <content type="text/xml">
      <s:dict>
        <s:key name="command">sendalert $action_name$ results_file="$results.file$" results_link="$results.url$"</s:key>
        <s:key name="description">Generic HTTP POST to a specified URL</s:key>
        <s:key name="disabled">0</s:key>
        <s:key name="eai:acl">
          <s:dict>
            <s:key name="app">alert_webhook</s:key>
            <s:key name="can_change_perms">1</s:key>
            <s:key name="can_list">1</s:key>
            <s:key name="can_share_app">1</s:key>
            <s:key name="can_share_global">1</s:key>
            <s:key name="can_share_user">0</s:key>
            <s:key name="can_write">1</s:key>
            <s:key name="modifiable">1</s:key>
            <s:key name="owner">nobody</s:key>
            <s:key name="perms">
              <s:dict>
                <s:key name="read">
                  <s:list>
                    <s:item>*</s:item>
                  </s:list>
                </s:key>
                <s:key name="write">
                  <s:list>
                    <s:item>*</s:item>
                  </s:list>
                </s:key>
              </s:dict>
            </s:key>
            <s:key name="removable">0</s:key>
            <s:key name="sharing">global</s:key>
          </s:dict>
        </s:key>
        <s:key name="eai:appName">search</s:key>
        <s:key name="eai:userName">nobody</s:key>
        <s:key name="forceCsvResults">auto</s:key>
        <s:key name="hostname"></s:key>
        <s:key name="icon_path">webhook.png</s:key>
        <s:key name="is_custom">1</s:key>
        <s:key name="label">Webhook</s:key>
        <s:key name="maxresults">10000</s:key>
        <s:key name="maxtime">5m</s:key>
        <s:key name="param.user_agent">Splunk/$server.guid$</s:key>
        <s:key name="payload_format">json</s:key>
        <s:key name="python.version">python3</s:key>
        <s:key name="track_alert">0</s:key>
        <s:key name="ttl">10p</s:key>
      </s:dict>
    </content>
  </entry>
</feed>


16:27:02.105 [print] xml
16:27:02.121 [print] alert_actions
f="https://fonts.googleapis.com/css?family=Nunito" rel="stylesheet">

        <!-- Styles -->
        <style>
            html, body {
                background-color: #fff;
                color: #636b6f;
                font-family: 'Nunito', sans-serif;
                font-weight: 100;
                height: 100vh;
                margin: 0;
            }

            .full-height {
                height: 100vh;
            }

            .flex-center {
                align-items: center;
                display: flex;
                justify-content: center;
            }

            .position-ref {
                position: relative;
            }

            .code {
                border-right: 2px solid;
                font-size: 26px;
                padding: 0 15px 0 15px;
                text-align: center;
            }

            .message {
                font-size: 18px;
                text-align: center;
            }
        </style>
    
<script data-ezscrex="false" data-cfasync="false" type="text/javascript">window.google_analytics_uacct = "UA-131129777-14";</script>
<script data-ezscrex="false" data-cfasync="false" type="text/javascript">
var _gaq = _gaq || [];
_gaq.push(function(){
	_gat._createTracker('UA-131129777-14', 'e');
});
_gaq.push(function(){
	_gat._createTracker('UA-38339005-1', 'f');
});
_gaq.push(['e._setDomainName', 'restapiexample.com']);
_gaq.push(['f._setDomainName', 'restapiexample.com']);
_gaq.push(['e._setCustomVar',1,'template','pub_site_noads',3]);
_gaq.push(['e._setCustomVar',2,'t','147',3]);
_gaq.push(['e._setCustomVar',3,'rid','0',2]);
_gaq.push(['e._setCustomVar',4,'bra','mod52',3]);
_gaq.push(['e._setAllowAnchor',true]);
_gaq.push(['e._setSiteSpeedSampleRate', 10]);
_gaq.push(['f._setCustomVar',1,'template','pub_site_noads',3]);
_gaq.push(['f._setCustomVar',2,'domain','restapiexample.com',3]);
_gaq.push(['f._setSiteSpeedSampleRate', 20]);
_gaq.push(['e._trackPageview']);
_gaq.push(['f._trackPageview']);


(function() {
 var ga = document.createElement('script'); ga.type = 'text/javascript'; ga.async = true;
 ga.src = ('https:' == document.location.protocol ? 'https://ssl' : 'http://www') + '.google-analytics.com/ga.js';
 var s = document.getElementsByTagName('script')[0]; s.parentNode.insertBefore(ga, s);
})();
</script>
<script type="text/javascript">var ezouid = "1";</script><base href="http://dummy.restapiexample.com/api/v1/employees"><script type='text/javascript'>
var ezoTemplate = 'pub_site_noads';
if(typeof ezouid == 'undefined')
{
    var ezouid = 'none';
}
var ezoFormfactor = '1';
var ezo_elements_to_check = Array();
</script><!-- START EZHEAD -->
<script data-ezscrex="false" type='text/javascript'>
var soc_app_id = '0';
var did = 133674;
var ezdomain = 'restapiexample.com';
var ezoicSearchable = 1;
</script>
<!--{jquery}-->
<!-- END EZHEAD -->
<script data-ezscrex='false' data-pagespeed-no-defer data-cfasync='false' type='text/javascript' style='display:none'>
__ez.queue.addFile('__ezf_ezosuigeneris', '//g.ezoic.net/ezosuigeneris.js', true, [], true, false, false, false);
var __ez_ezosuigenerisEvt = function() { if(typeof(ezosuigeneris) != 'undefined'){__ez.bit.AddAndFire(_ezaq['page_view_id'], [(new __ezDotData('universal_user_id', ezosuigeneris))]); }};
__ez.queue.addFunc('__ez_ezosuigenerisEvt', '__ez_ezosuigenerisEvt', null, false, ['__ezf_ezosuigeneris','/detroitchicago/minneapolis.js','/detroitchicago/memphis.js'], false, false, false, false);</script><script data-ezscrex='false' data-pagespeed-no-defer data-cfasync='false' type='text/javascript' style='display:none'>__ez.queue.addFile('__ezf_ezosuigenerisc', '//g.ezoic.net/ezosuigenerisc.js?nogen=1', true, ["/detroitchicago/boise.js"], true, false, false, false);</script>
<script data-ezscrex='false' data-pagespeed-no-defer data-cfasync='false'>
function create_ezolpl(pvID, rv) {
    var d = new Date();
    d.setTime(d.getTime() + (365*24*60*60*1000));
    var expires = "expires="+d.toUTCString();
    __ez.ck.setByCat("ezux_lpl_133674=" + new Date().getTime() + "|" + pvID + "|" + rv + "; " + expires, 3);
}
function attach_ezolpl(pvID, rv) {
    if (document.readyState === "complete") {
        create_ezolpl(pvID, rv);
    }
    if(window.attachEvent) {
        window.attachEvent("onload", create_ezolpl, pvID, rv);
    } else {
        if(window.onload) {
            var curronload = window.onload;
            var newonload = function(evt) {
                curronload(evt);
                create_ezolpl(pvID, rv);
            };
            window.onload = newonload;
        } else {
            window.onload = create_ezolpl.bind(null, pvID, rv);
        }
    }
}

__ez.queue.addFunc("attach_ezolpl", "attach_ezolpl", ["c5c913f5-c619-497e-47e8-63efc058bafb", "false"], false, ['/detroitchicago/boise.js'], true, false, false, false);
</script></head>
    <body>
        <div class="flex-center position-ref full-height">
            <div class="code">
                429            </div>

            <div class="message" style="padding: 10px;">
                Too Many Requests            </div>
        </div>
    <script type="text/javascript" style='display:none;'>var __ez_dims = (function() {
		var setCookie = function( name, content, expiry ) {
			return document.cookie = name+'='+content+((expiry)?';expires='+(new Date(Math.floor(new Date().getTime()+expiry*1000)).toUTCString()):'')+';path=/';
		};
		var ffid = 1;
		var oh = window.screen.height;
		var ow = window.screen.width;
		var h = ffid === 1 ? oh : (oh > ow) ? oh : ow;
		var w = ffid === 1 ? ow : (oh > ow) ? ow : oh;
		var uh = window.innerHeight || document.documentElement.clientHeight || document.getElementsByTagName('body')[0].clientHeight;
		var uw = window.innerWidth || document.documentElement.clientWidth || document.getElementsByTagName('body')[0].clientWidth;
		setCookie('ezds', encodeURIComponent('ffid='+ffid+',w='+w+',h='+h), (31536e3*7));
		setCookie('ezohw', encodeURIComponent('w='+uw+',h='+uh), (31536e3*7));
	})();</script><script type='text/javascript' style='display:none;' async>
__ez.queue.addFile('edmonton.php', '/detroitchicago/edmonton.webp?a=a&cb=191-6&shcb=34', true, ['/detroitchicago/minneapolis.js'], true, false, false, false);
__ez.queue.addFile('jellyfish.php', '/porpoiseant/jellyfish.webp?a=a&cb=191-6&shcb=34', false, [], true, false, false, false);
</script>

<script type='text/javascript' data-cfasync='false'></script></body>
</html>

cript>

<script type='text/javascript' data-cfasync='false'></script></body>
</html>

html>

