16:02:48.396 From karate-config file 
16:02:48.896 request:
1 > POST https://www.w3schools.com/xml/tempconvert.asmx/CelsiusToFahrenheit
1 > Accept-Encoding: gzip,deflate
1 > Connection: Keep-Alive
1 > Content-Length: 10
1 > Content-Type: application/x-www-form-urlencoded; charset=UTF-8
1 > Host: www.w3schools.com
1 > User-Agent: Apache-HttpClient/4.5.12 (Java/1.8.0_251)
Celsius=40

16:02:49.318 response time in milliseconds: 423.63
1 < 200
1 < Cache-Control: private, max-age=0,public
1 < Content-Type: text/xml; charset=utf-8
1 < Date: Fri, 05 Feb 2021 10:24:38 GMT
1 < Server: Microsoft-IIS/7.5
1 < Vary: Accept-Encoding
1 < X-AspNet-Version: 4.0.30319
1 < X-Frame-Options: SAMEORIGIN
1 < X-Powered-By: ASP.NET
<?xml version="1.0" encoding="utf-8"?>
<string xmlns="https://www.w3schools.com/xml/">104</string>

16:02:49.334 [print] <string xmlns="https://www.w3schools.com/xml/">104</string>

16:02:49.334 [print] {
  "Cache-Control": [
    "private, max-age=0,public"
  ],
  "Content-Type": [
    "text/xml; charset=utf-8"
  ],
  "Date": [
    "Fri, 05 Feb 2021 10:24:38 GMT"
  ],
  "Server": [
    "Microsoft-IIS/7.5"
  ],
  "Vary": [
    "Accept-Encoding"
  ],
  "X-AspNet-Version": [
    "4.0.30319"
  ],
  "X-Frame-Options": [
    "SAMEORIGIN"
  ],
  "X-Powered-By": [
    "ASP.NET"
  ]
}

16:02:49.334 [print] 424
16:02:49.334 [print] xml
16:02:49.365 after scenario inside config 
16:02:49.677 request:
1 > POST https://www.w3schools.com/xml/tempconvert.asmx/CelsiusToFahrenheit
1 > Accept-Encoding: gzip,deflate
1 > Connection: Keep-Alive
1 > Content-Length: 14
1 > Content-Type: application/x-www-form-urlencoded; charset=UTF-8
1 > Host: www.w3schools.com
1 > User-Agent: Apache-HttpClient/4.5.12 (Java/1.8.0_251)
Celsius=<Temp>

16:02:50.037 response time in milliseconds: 357.05
1 < 500
1 < Cache-Control: private,public
1 < Content-Length: 109
1 < Content-Type: text/plain; charset=utf-8
1 < Date: Fri, 05 Feb 2021 10:24:39 GMT
1 < Server: Microsoft-IIS/7.5
1 < X-AspNet-Version: 4.0.30319
1 < X-Frame-Options: SAMEORIGIN
1 < X-Powered-By: ASP.NET
A potentially dangerous Request.Form value was detected from the client (Celsius=&quot;&lt;Temp&gt;&quot;).


16:02:50.037 status code was: 500, expected: 200, response time: 357, url: https://www.w3schools.com/xml/tempconvert.asmx/CelsiusToFahrenheit, response: A potentially dangerous Request.Form value was detected from the client (Celsius=&quot;&lt;Temp&gt;&quot;).

